<?xml version="1.0" encoding="UTF-8"?>
<!-- Generated by org.testng.reporters.JUnitReportReporter -->
<testsuite hostname="VSP-7DVZN73" failures="0" tests="2" name="Test_Scenarios.TestCases" time="6.251" errors="0" timestamp="2023-01-27T12:02:32 IST" skipped="0">
  <testcase classname="Test_Scenarios.TestCases" name="EnterInput1" time="3.167"/>
  <system-out/>
  <testcase classname="Test_Scenarios.TestCases" name="EnterInput2" time="3.084"/>
  <system-out/>
</testsuite> <!-- Test_Scenarios.TestCases -->
